[35m[Appium][39m Welcome to Appium v1.15.1
[35m[Appium][39m Non-default server args:
[35m[Appium][39m   port: 59419
[35m[Appium][39m   loglevel: info
[35m[Appium][39m   chromeDriverPort: 59420
[35m[Appium][39m   tmpDir: /var/folders/3w/8994xp2j2z976t02tpxwmw5hgj154l/T//Katalon/Appium/Temp1580741860411
[35m[Appium][39m Appium REST http interface listener started on 0.0.0.0:59419
[35m[HTTP][39m [37m-->[39m [37mGET[39m [37m/wd/hub/status[39m
[35m[HTTP][39m [90m{}[39m
[35m[HTTP][39m [37m<-- GET /wd/hub/status [39m[32m200[39m [90m4 ms - 68[39m
[35m[HTTP][39m [90m[39m
[35m[HTTP][39m [37m-->[39m [37mGET[39m [37m/wd/hub/status[39m
[35m[HTTP][39m [90m{}[39m
[35m[HTTP][39m [37m<-- GET /wd/hub/status [39m[32m200[39m [90m1 ms - 68[39m
[35m[HTTP][39m [90m[39m
[35m[HTTP][39m [37m-->[39m [37mPOST[39m [37m/wd/hub/session[39m
[35m[HTTP][39m [90m{"desiredCapabilities":{"app":"/Users/robby.kurniawan30/Documents/robby/learn/appmola/APK/Mola TV.apk","noReset":true,"deviceName":"Xiaomi Redmi 5 Plus (Android 8.1.0)","fullReset":false,"platform":"ANDROID","newCommandTimeout":1800,"platformVersion":"8.1.0","automationName":"uiautomator2","autoGrantPermissions":true,"platformName":"Android","udid":"307d3e3c0804","systemPort":59433},"capabilities":{"firstMatch":[{"appium:app":"/Users/robby.kurniawan30/Documents/robby/learn/appmola/APK/Mola TV.apk","appium:autoGrantPermissions":true,"appium:automationName":"uiautomator2","appium:deviceName":"Xiaomi Redmi 5 Plus (Android 8.1.0)","appium:fullReset":false,"appium:newCommandTimeout":1800,"appium:noReset":true,"platform":"ANDROID","platformName":"android","appium:platformVersion":"8.1.0","appium:systemPort":59433,"appium:udid":"307d3e3c0804"}]}}[39m
[35m[BaseDriver][39m The capabilities ["platform"] are not standard capabilities and should have an extension prefix
[35m[Appium][39m Appium v1.15.1 creating new AndroidUiautomator2Driver (v1.37.2) session
[35m[BaseDriver][39m The following capabilities were provided, but are not recognized by Appium:
[35m[BaseDriver][39m   platform
[35m[BaseDriver][39m Session created with session id: 85ab2f30-8ca0-40b2-850d-ea4b6cc0b5d4
[35m[BaseDriver][39m Using local app '/Users/robby.kurniawan30/Documents/robby/learn/appmola/APK/Mola TV.apk'
[35m[ADB][39m Found 1 'build-tools' folders under '/Users/robby.kurniawan30/.katalon/tools/android_sdk' (newest first):
[35m[ADB][39m     /Users/robby.kurniawan30/.katalon/tools/android_sdk/build-tools/29.0.2
[35m[ADB][39m Using 'adb' from '/Users/robby.kurniawan30/.katalon/tools/android_sdk/platform-tools/adb'
[35m[AndroidDriver][39m Retrieving device list
[35m[AndroidDriver][39m Using device: 307d3e3c0804
[35m[ADB][39m Using 'adb' from '/Users/robby.kurniawan30/.katalon/tools/android_sdk/platform-tools/adb'
[35m[ADB][39m Using 'apkanalyzer' from '/Users/robby.kurniawan30/.katalon/tools/android_sdk/tools/bin/apkanalyzer'
[35m[ADB][39m Using the alternative activity name detection method because of: Command '/Users/robby.kurniawan30/.katalon/tools/android_sdk/tools/bin/apkanalyzer -h manifest print '/Users/robby.kurniawan30/Documents/robby/learn/appmola/APK/Mola TV.apk'' exited with code 1
[35m[ADB][39m Using 'aapt' from '/Users/robby.kurniawan30/.katalon/tools/android_sdk/build-tools/29.0.2/aapt'
[35m[ADB][39m Extracting package and launch activity from manifest
[35m[ADB][39m Package name: 'tv.mola.app'
[35m[ADB][39m Main activity name: 'tv.mola.app.MainActivity'
[35m[ADB][39m Using 'apksigner' from '/Users/robby.kurniawan30/.katalon/tools/android_sdk/build-tools/29.0.2/apksigner'
[35m[UiAutomator2][39m Server packages are not going to be (re)installed
[35m[ADB][39m Cannot extract apk info using apkanalyzer. Falling back to aapt. Original error: 
[35m[ADB][39m ERROR: Found multiple arguments for option [arguments], but you asked for only one
[35m[ADB][39m 
[35m[UiAutomator2][39m Starting UIAutomator2 server 4.3.0
[35m[UiAutomator2][39m Using UIAutomator2 server from '/usr/local/lib/node_modules/appium/node_modules/appium-uiautomator2-server/apks/appium-uiautomator2-server-v4.3.0.apk' and test from '/usr/local/lib/node_modules/appium/node_modules/appium-uiautomator2-server/apks/appium-uiautomator2-server-debug-androidTest.apk'
[35m[UiAutomator2][39m Waiting up to 30000ms for UiAutomator2 to be online...
[35m[WD Proxy][39m Got an unexpected response with status undefined: {"code":"ECONNRESET"}
[35m[WD Proxy][39m Got an unexpected response with status undefined: {"code":"ECONNRESET"}
[35m[WD Proxy][39m Got an unexpected response with status undefined: {"code":"ECONNRESET"}
[35m[WD Proxy][39m Determined the downstream protocol as 'W3C'
[35m[AndroidDriver][39m Screen already unlocked, doing nothing
[35m[UiAutomator2][39m Starting 'tv.mola.app/tv.mola.app.MainActivity and waiting for 'tv.mola.app/tv.mola.app.MainActivity'
[35m[Appium][39m New AndroidUiautomator2Driver session created successfully, session 85ab2f30-8ca0-40b2-850d-ea4b6cc0b5d4 added to master session list
[35m[HTTP][39m [37m<-- POST /wd/hub/session [39m[32m200[39m [90m21187 ms - 1255[39m
[35m[HTTP][39m [90m[39m
[35m[HTTP][39m [37m-->[39m [37mGET[39m [37m/wd/hub/session/85ab2f30-8ca0-40b2-850d-ea4b6cc0b5d4[39m
[35m[HTTP][39m [90m{}[39m
[35m[HTTP][39m [37m<-- GET /wd/hub/session/85ab2f30-8ca0-40b2-850d-ea4b6cc0b5d4 [39m[32m200[39m [90m63 ms - 1187[39m
[35m[HTTP][39m [90m[39m
[35m[HTTP][39m [37m-->[39m [37mGET[39m [37m/wd/hub/session/85ab2f30-8ca0-40b2-850d-ea4b6cc0b5d4[39m
[35m[HTTP][39m [90m{}[39m
[35m[HTTP][39m [37m<-- GET /wd/hub/session/85ab2f30-8ca0-40b2-850d-ea4b6cc0b5d4 [39m[32m200[39m [90m36 ms - 1187[39m
[35m[HTTP][39m [90m[39m
[35m[HTTP][39m [37m-->[39m [37mGET[39m [37m/wd/hub/status[39m
[35m[HTTP][39m [90m{}[39m
[35m[HTTP][39m [37m<-- GET /wd/hub/status [39m[32m200[39m [90m1 ms - 68[39m
[35m[HTTP][39m [90m[39m
[35m[HTTP][39m [37m-->[39m [37mPOST[39m [37m/wd/hub/session/85ab2f30-8ca0-40b2-850d-ea4b6cc0b5d4/timeouts[39m
[35m[HTTP][39m [90m{"implicit":60000}[39m
[35m[HTTP][39m [37m<-- POST /wd/hub/session/85ab2f30-8ca0-40b2-850d-ea4b6cc0b5d4/timeouts [39m[32m200[39m [90m3 ms - 14[39m
[35m[HTTP][39m [90m[39m
[35m[HTTP][39m [37m-->[39m [37mGET[39m [37m/wd/hub/session/85ab2f30-8ca0-40b2-850d-ea4b6cc0b5d4/source[39m
[35m[HTTP][39m [90m{}[39m
[35m[W3C (85ab2f30)][39m Driver proxy active, passing request on via HTTP proxy
[35m[WD Proxy][39m Replacing sessionId 83941149-37c2-4895-9c64-5492c9eed18e with 85ab2f30-8ca0-40b2-850d-ea4b6cc0b5d4
[35m[HTTP][39m [37m<-- GET /wd/hub/session/85ab2f30-8ca0-40b2-850d-ea4b6cc0b5d4/source [39m[32m200[39m [90m139 ms - 2709[39m
[35m[HTTP][39m [90m[39m
[35m[HTTP][39m [37m-->[39m [37mGET[39m [37m/wd/hub/session/85ab2f30-8ca0-40b2-850d-ea4b6cc0b5d4/screenshot[39m
[35m[HTTP][39m [90m{}[39m
[35m[HTTP][39m [37m<-- GET /wd/hub/session/85ab2f30-8ca0-40b2-850d-ea4b6cc0b5d4/screenshot [39m[32m200[39m [90m839 ms - 95608[39m
[35m[HTTP][39m [90m[39m
[35m[HTTP][39m [37m-->[39m [37mGET[39m [37m/wd/hub/session/85ab2f30-8ca0-40b2-850d-ea4b6cc0b5d4/source[39m
[35m[HTTP][39m [90m{}[39m
[35m[W3C (85ab2f30)][39m Driver proxy active, passing request on via HTTP proxy
[35m[WD Proxy][39m Replacing sessionId 83941149-37c2-4895-9c64-5492c9eed18e with 85ab2f30-8ca0-40b2-850d-ea4b6cc0b5d4
[35m[HTTP][39m [37m<-- GET /wd/hub/session/85ab2f30-8ca0-40b2-850d-ea4b6cc0b5d4/source [39m[32m200[39m [90m1321 ms - 73530[39m
[35m[HTTP][39m [90m[39m
[35m[HTTP][39m [37m-->[39m [37mGET[39m [37m/wd/hub/session/85ab2f30-8ca0-40b2-850d-ea4b6cc0b5d4/screenshot[39m
[35m[HTTP][39m [90m{}[39m
[35m[HTTP][39m [37m<-- GET /wd/hub/session/85ab2f30-8ca0-40b2-850d-ea4b6cc0b5d4/screenshot [39m[32m200[39m [90m866 ms - 245176[39m
[35m[HTTP][39m [90m[39m
[35m[HTTP][39m [37m-->[39m [37mDELETE[39m [37m/wd/hub/session/85ab2f30-8ca0-40b2-850d-ea4b6cc0b5d4[39m
[35m[HTTP][39m [90m{}[39m
[35m[Appium][39m Removing session 85ab2f30-8ca0-40b2-850d-ea4b6cc0b5d4 from our master session list
[35m[HTTP][39m [37m<-- DELETE /wd/hub/session/85ab2f30-8ca0-40b2-850d-ea4b6cc0b5d4 [39m[32m200[39m [90m308 ms - 14[39m
[35m[HTTP][39m [90m[39m
